[2025-09-27 01:49:53] app.INFO: Protect vendor folder in module ps_brandlist [] []
[2025-09-27 01:49:53] app.INFO: Module ps_brandlist has no vendor folder [] []
[2025-09-27 01:49:53] app.INFO: Protect vendor folder in module ps_themecusto [] []
[2025-09-27 01:49:53] app.INFO: Module ps_themecusto has no vendor folder [] []
[2025-09-27 01:49:53] app.INFO: Protect vendor folder in module ps_dataprivacy [] []
[2025-09-27 01:49:53] app.INFO: Module ps_dataprivacy has no vendor folder [] []
[2025-09-27 01:49:54] app.INFO: Protect vendor folder in module statsbestvouchers [] []
[2025-09-27 01:49:54] app.INFO: Module statsbestvouchers has no vendor folder [] []
[2025-09-27 01:49:54] app.INFO: Protect vendor folder in module ps_distributionapiclient [] []
[2025-09-27 01:49:54] app.INFO: Module ps_distributionapiclient has no vendor folder [] []
[2025-09-27 01:49:55] app.INFO: Protect vendor folder in module psxdesign [] []
[2025-09-27 01:49:55] app.INFO: Protect vendor folder in module ps_categoryproducts [] []
[2025-09-27 01:49:55] app.INFO: Module ps_categoryproducts has no vendor folder [] []
[2025-09-27 01:49:55] app.INFO: Protect vendor folder in module klaviyopsautomation [] []
[2025-09-27 01:49:55] app.INFO: Protect vendor folder in module statsforecast [] []
[2025-09-27 01:49:55] app.INFO: Module statsforecast has no vendor folder [] []
[2025-09-27 01:49:56] app.INFO: Protect vendor folder in module ps_cashondelivery [] []
[2025-09-27 01:49:56] app.INFO: Module ps_cashondelivery has no vendor folder [] []
[2025-09-27 01:49:56] app.INFO: Protect vendor folder in module ps_metrics [] []
[2025-09-27 01:49:56] app.INFO: Protect vendor folder in module statsdata [] []
[2025-09-27 01:49:56] app.INFO: Module statsdata has no vendor folder [] []
[2025-09-27 01:49:57] app.INFO: Protect vendor folder in module statspersonalinfos [] []
[2025-09-27 01:49:57] app.INFO: Module statspersonalinfos has no vendor folder [] []
[2025-09-27 01:49:57] app.INFO: Protect vendor folder in module ps_checkpayment [] []
[2025-09-27 01:49:57] app.INFO: Module ps_checkpayment has no vendor folder [] []
[2025-09-27 01:49:57] app.INFO: Protect vendor folder in module pagesnotfound [] []
[2025-09-27 01:49:57] app.INFO: Module pagesnotfound has no vendor folder [] []
[2025-09-27 01:49:57] app.INFO: Protect vendor folder in module statsregistrations [] []
[2025-09-27 01:49:57] app.INFO: Module statsregistrations has no vendor folder [] []
[2025-09-27 01:49:57] app.INFO: Protect vendor folder in module statscheckup [] []
[2025-09-27 01:49:57] app.INFO: Module statscheckup has no vendor folder [] []
[2025-09-27 01:49:58] app.INFO: Protect vendor folder in module ps_eventbus [] []
[2025-09-27 01:49:59] app.INFO: Protect vendor folder in module ps_emailalerts [] []
[2025-09-27 01:49:59] app.INFO: Module ps_emailalerts has no vendor folder [] []
[2025-09-27 01:49:59] app.INFO: Protect vendor folder in module statsbestsuppliers [] []
[2025-09-27 01:49:59] app.INFO: Module statsbestsuppliers has no vendor folder [] []
[2025-09-27 01:49:59] app.INFO: Protect vendor folder in module statscarrier [] []
[2025-09-27 01:49:59] app.INFO: Module statscarrier has no vendor folder [] []
[2025-09-27 01:49:59] app.INFO: Protect vendor folder in module statsbestcustomers [] []
[2025-09-27 01:49:59] app.INFO: Module statsbestcustomers has no vendor folder [] []
[2025-09-27 01:49:59] app.INFO: Protect vendor folder in module statsbestproducts [] []
[2025-09-27 01:49:59] app.INFO: Module statsbestproducts has no vendor folder [] []
[2025-09-27 01:49:59] app.INFO: Protect vendor folder in module statsbestcategories [] []
[2025-09-27 01:49:59] app.INFO: Module statsbestcategories has no vendor folder [] []
[2025-09-27 01:50:00] app.INFO: Protect vendor folder in module ps_edition_basic [] []
[2025-09-27 01:50:00] app.INFO: Protect vendor folder in module ps_crossselling [] []
[2025-09-27 01:50:00] app.INFO: Module ps_crossselling has no vendor folder [] []
[2025-09-27 01:50:01] app.INFO: Protect vendor folder in module psshipping [] []
[2025-09-27 01:50:01] app.ERROR: Cannot register tab "PsshippingCarrierController" because it already exists [] []
[2025-09-27 01:50:01] app.ERROR: Cannot register tab "PsshippingCarrierController" because it already exists [] []
[2025-09-27 01:50:01] app.ERROR: Cannot register tab "PsshippingCarrierController" because it already exists [] []
[2025-09-27 01:50:01] app.ERROR: Cannot register tab "PsshippingConfigurationController" because it already exists [] []
[2025-09-27 01:50:01] app.ERROR: Cannot register tab "PsshippingOrdersController" because it already exists [] []
[2025-09-27 01:50:01] app.ERROR: Cannot register tab "PsshippingOrdersController" because it already exists [] []
[2025-09-27 01:50:01] app.ERROR: Cannot register tab "PsshippingOrdersController" because it already exists [] []
[2025-09-27 01:50:01] app.ERROR: Cannot register tab "PsshippingConfigurationController" because it already exists [] []
[2025-09-27 01:50:01] app.ERROR: Cannot register tab "PsshippingConfigurationController" because it already exists [] []
[2025-09-27 01:50:01] app.ERROR: Cannot register tab "PsshippingConfigurationController" because it already exists [] []
[2025-09-27 01:50:01] app.ERROR: Cannot register tab "PsshippingConfigurationController" because it already exists [] []
[2025-09-27 01:50:01] app.ERROR: Cannot register tab "PsshippingConfigurationController" because it already exists [] []
[2025-09-27 01:50:01] app.ERROR: Cannot register tab "PsshippingConfigurationController" because it already exists [] []
[2025-09-27 01:50:01] app.ERROR: Cannot register tab "PsshippingConfigurationController" because it already exists [] []
[2025-09-27 01:50:01] app.ERROR: Cannot register tab "PsshippingKeycloakAuthController" because it already exists [] []
[2025-09-27 01:50:03] app.INFO: Protect vendor folder in module psxmarketingwithgoogle [] []
[2025-09-27 01:50:03] app.INFO: Protect vendor folder in module ps_accounts [] []
[2025-09-27 01:50:05] app.INFO: Protect vendor folder in module ps_mbo [] []
[2025-09-27 01:50:06] app.INFO: Protect vendor folder in module gamification [] []
[2025-09-27 01:50:06] app.INFO: Protect vendor folder in module statscatalog [] []
[2025-09-27 01:50:06] app.INFO: Module statscatalog has no vendor folder [] []
[2025-09-27 01:50:06] app.INFO: Protect vendor folder in module ps_wirepayment [] []
[2025-09-27 01:50:06] app.INFO: Module ps_wirepayment has no vendor folder [] []
[2025-09-27 01:50:07] app.INFO: Protect vendor folder in module gridhtml [] []
[2025-09-27 01:50:07] app.INFO: Module gridhtml has no vendor folder [] []
[2025-09-27 01:50:07] app.INFO: Protect vendor folder in module gsitemap [] []
[2025-09-27 01:50:07] app.INFO: Module gsitemap has no vendor folder [] []
[2025-09-27 01:50:07] app.INFO: Protect vendor folder in module dashgoals [] []
[2025-09-27 01:50:07] app.INFO: Module dashgoals has no vendor folder [] []
[2025-09-27 01:50:07] app.INFO: Protect vendor folder in module statsnewsletter [] []
[2025-09-27 01:50:07] app.INFO: Module statsnewsletter has no vendor folder [] []
[2025-09-27 01:50:08] app.INFO: Protect vendor folder in module ps_faviconnotificationbo [] []
[2025-09-27 01:50:08] app.INFO: Module ps_faviconnotificationbo has no vendor folder [] []
[2025-09-27 01:50:08] app.INFO: Protect vendor folder in module ps_googleanalytics [] []
[2025-09-27 01:50:08] app.INFO: Module ps_googleanalytics has no vendor folder [] []
[2025-09-27 01:50:08] app.INFO: Protect vendor folder in module dashproducts [] []
[2025-09-27 01:50:08] app.INFO: Module dashproducts has no vendor folder [] []
[2025-09-27 01:50:08] app.INFO: Protect vendor folder in module graphnvd3 [] []
[2025-09-27 01:50:08] app.INFO: Module graphnvd3 has no vendor folder [] []
[2025-09-27 01:50:08] app.INFO: Protect vendor folder in module statsproduct [] []
[2025-09-27 01:50:08] app.INFO: Module statsproduct has no vendor folder [] []
[2025-09-27 01:50:09] app.INFO: Protect vendor folder in module statsstock [] []
[2025-09-27 01:50:09] app.INFO: Module statsstock has no vendor folder [] []
[2025-09-27 01:50:09] app.INFO: Protect vendor folder in module dashactivity [] []
[2025-09-27 01:50:09] app.INFO: Module dashactivity has no vendor folder [] []
[2025-09-27 01:50:09] app.INFO: Protect vendor folder in module statssearch [] []
[2025-09-27 01:50:09] app.INFO: Module statssearch has no vendor folder [] []
[2025-09-27 01:50:09] app.INFO: Protect vendor folder in module ps_facebook [] []
[2025-09-27 01:50:10] app.INFO: Protect vendor folder in module dashtrends [] []
[2025-09-27 01:50:10] app.INFO: Module dashtrends has no vendor folder [] []
[2025-09-27 01:50:10] app.INFO: Protect vendor folder in module ps_supplierlist [] []
[2025-09-27 01:50:10] app.INFO: Module ps_supplierlist has no vendor folder [] []
[2025-09-27 01:50:10] app.INFO: Protect vendor folder in module statssales [] []
[2025-09-27 01:50:10] app.INFO: Module statssales has no vendor folder [] []
[2025-09-27 01:50:10] app.INFO: Protect vendor folder in module statsbestmanufacturers [] []
[2025-09-27 01:50:10] app.INFO: Module statsbestmanufacturers has no vendor folder [] []
[2025-09-27 01:50:10] app.INFO: Protect vendor folder in module ps_viewedproduct [] []
[2025-09-27 01:50:10] app.INFO: Module ps_viewedproduct has no vendor folder [] []
